<?xml version="1.0" encoding="UTF-8" ?>
<testsuite failures="0" time="0.078" errors="0" skipped="0" tests="11" name="org.mesosys.junit.mesoassert.CollectionAssertTest">
  <properties>
    <property name="java.vendor" value="Sun Microsystems Inc."/>
    <property name="localRepository" value="C:\Documents and Settings\Peter Cameron\.m2\repository"/>
    <property name="sun.java.launcher" value="SUN_STANDARD"/>
    <property name="env.CVSROOT" value=":pserver:mesoroot@www.mesosys.co.uk:2401/home/mesoroot/cvsroot"/>
    <property name="sun.management.compiler" value="HotSpot Client Compiler"/>
    <property name="env.PROMPT" value="$P$G"/>
    <property name="os.name" value="Windows XP"/>
    <property name="env.PYTHONPATH" value="C:\IBMTOOLS\utils\support;C:\IBMTOOLS\utils\logger"/>
    <property name="env.FP_NO_HOST_CHECK" value="NO"/>
    <property name="sun.boot.class.path" value="c:\Program Files\Java\jdk1.6.0_10\jre\lib\resources.jar;c:\Program Files\Java\jdk1.6.0_10\jre\lib\rt.jar;c:\Program Files\Java\jdk1.6.0_10\jre\lib\sunrsasign.jar;c:\Program Files\Java\jdk1.6.0_10\jre\lib\jsse.jar;c:\Program Files\Java\jdk1.6.0_10\jre\lib\jce.jar;c:\Program Files\Java\jdk1.6.0_10\jre\lib\charsets.jar;c:\Program Files\Java\jdk1.6.0_10\jre\classes"/>
    <property name="env.COMPUTERNAME" value="MESOSYS-T43P"/>
    <property name="env.ALLUSERSPROFILE" value="C:\Documents and Settings\All Users"/>
    <property name="sun.desktop" value="windows"/>
    <property name="java.vm.specification.vendor" value="Sun Microsystems Inc."/>
    <property name="java.runtime.version" value="1.6.0_10-beta-b25"/>
    <property name="env.HOMEPATH" value="\Documents and Settings\Peter Cameron"/>
    <property name="user.name" value="Peter Cameron"/>
    <property name="env.QTJAVA" value="C:\Program Files\Java\jre1.6.0_03\lib\ext\QTJava.zip"/>
    <property name="user.language" value="en"/>
    <property name="env.TCL_LIBRARY" value="C:\IBMTOOLS\Python22\tcl\tcl8.4"/>
    <property name="sun.boot.library.path" value="c:\Program Files\Java\jdk1.6.0_10\jre\bin"/>
    <property name="classworlds.conf" value="c:\Program Files\apache-maven-2.0.9\bin\..\bin\m2.conf"/>
    <property name="java.version" value="1.6.0_10-beta"/>
    <property name="env.PROCESSOR_IDENTIFIER" value="x86 Family 6 Model 13 Stepping 8, GenuineIntel"/>
    <property name="user.timezone" value="Europe/London"/>
    <property name="env.TEMP" value="C:\DOCUME~1\PETERC~1\LOCALS~1\Temp"/>
    <property name="sun.arch.data.model" value="32"/>
    <property name="java.endorsed.dirs" value="c:\Program Files\Java\jdk1.6.0_10\jre\lib\endorsed"/>
    <property name="sun.cpu.isalist" value="pentium_pro+mmx pentium_pro pentium+mmx pentium i486 i386 i86"/>
    <property name="env.HOMEDRIVE" value="C:"/>
    <property name="sun.jnu.encoding" value="Cp1252"/>
    <property name="file.encoding.pkg" value="sun.io"/>
    <property name="file.separator" value="\"/>
    <property name="java.specification.name" value="Java Platform API Specification"/>
    <property name="env.IBMSHARE" value="C:\IBMSHARE"/>
    <property name="java.class.version" value="50.0"/>
    <property name="user.country" value="GB"/>
    <property name="java.home" value="c:\Program Files\Java\jdk1.6.0_10\jre"/>
    <property name="env.APPDATA" value="C:\Documents and Settings\Peter Cameron\Application Data"/>
    <property name="java.vm.info" value="mixed mode, sharing"/>
    <property name="env.ComSpec" value="C:\WINDOWS\system32\cmd.exe"/>
    <property name="env.OS" value="Windows_NT"/>
    <property name="env.CommonProgramFiles" value="C:\Program Files\Common Files"/>
    <property name="os.version" value="5.1"/>
    <property name="path.separator" value=";"/>
    <property name="java.vm.version" value="11.0-b12"/>
    <property name="env.USERPROFILE" value="C:\Documents and Settings\Peter Cameron"/>
    <property name="user.variant" value=""/>
    <property name="env.JAVA_HOME" value="c:\Program Files\Java\jdk1.6.0_10"/>
    <property name="java.awt.printerjob" value="sun.awt.windows.WPrinterJob"/>
    <property name="env.TMP" value="C:\DOCUME~1\PETERC~1\LOCALS~1\Temp"/>
    <property name="sun.io.unicode.encoding" value="UnicodeLittle"/>
    <property name="awt.toolkit" value="sun.awt.windows.WToolkit"/>
    <property name="user.home" value="C:\Documents and Settings\Peter Cameron"/>
    <property name="env.SESSIONNAME" value="Console"/>
    <property name="java.specification.vendor" value="Sun Microsystems Inc."/>
    <property name="env.CLASSPATH" value=".;C:\Program Files\Java\jre1.6.0_03\lib\ext\QTJava.zip"/>
    <property name="env.M2_HOME" value="c:\Program Files\apache-maven-2.0.9\bin\.."/>
    <property name="env.NUMBER_OF_PROCESSORS" value="1"/>
    <property name="java.library.path" value="c:\Program Files\Java\jdk1.6.0_10\bin;.;C:\WINDOWS\Sun\Java\bin;C:\WINDOWS\system32;C:\WINDOWS;C:\Program Files\PC Connectivity Solution\;C:\Program Files\ThinkPad\Utilities;C:\WINDOWS\system32;C:\WINDOWS;C:\WINDOWS\System32\Wbem;C:\Program Files\Intel\Wireless\Bin\;C:\Program Files\ATI Technologies\ATI Control Panel;C:\Program Files\PC-Doctor for Windows\;C:\WINDOWS\Downloaded Program Files;C:\IBMTOOLS\Python22;C:\Program Files\cvsnt;c:\program files\apache-maven-2.0.9\bin;C:\Program Files\MySQL\MySQL Server 5.0\bin;C:\Program Files\QuickTime\QTSystem\"/>
    <property name="java.vendor.url" value="http://java.sun.com/"/>
    <property name="env.MAVEN_CMD_LINE_ARGS" value="install"/>
    <property name="java.vm.vendor" value="Sun Microsystems Inc."/>
    <property name="env.TK_LIBRARY" value="C:\IBMTOOLS\Python22\tcl\tk8.4"/>
    <property name="maven.home" value="c:\Program Files\apache-maven-2.0.9\bin\.."/>
    <property name="java.runtime.name" value="Java(TM) SE Runtime Environment"/>
    <property name="java.class.path" value="c:\Program Files\apache-maven-2.0.9\bin\..\boot\classworlds-1.1.jar"/>
    <property name="env.MAVEN_JAVA_EXE" value="&quot;c:\Program Files\Java\jdk1.6.0_10\bin\java.exe&quot;"/>
    <property name="java.vm.specification.name" value="Java Virtual Machine Specification"/>
    <property name="env.LOGONSERVER" value="\\MESOSYS-T43P"/>
    <property name="env.windir" value="C:\WINDOWS"/>
    <property name="java.vm.specification.version" value="1.0"/>
    <property name="env.PROCESSOR_ARCHITECTURE" value="x86"/>
    <property name="sun.os.patch.level" value="Service Pack 2"/>
    <property name="sun.cpu.endian" value="little"/>
    <property name="env.HOME" value="C:\Documents and Settings\Peter Cameron"/>
    <property name="env.ProgramFiles" value="C:\Program Files"/>
    <property name="env.RRU" value="C:\Program Files\IBM\IBM Rapid Restore Ultra\"/>
    <property name="surefire.test.class.path" value="C:\projects\mesosys\meso-junit\meso-assert\target\test-classes;C:\projects\mesosys\meso-junit\meso-assert\target\classes;C:\Documents and Settings\Peter Cameron\.m2\repository\junit\junit\4.4\junit-4.4.jar;"/>
    <property name="java.io.tmpdir" value="C:\DOCUME~1\PETERC~1\LOCALS~1\Temp\"/>
    <property name="env.PROCESSOR_REVISION" value="0d08"/>
    <property name="java.vendor.url.bug" value="http://java.sun.com/cgi-bin/bugreport.cgi"/>
    <property name="env.SystemRoot" value="C:\WINDOWS"/>
    <property name="java.awt.graphicsenv" value="sun.awt.Win32GraphicsEnvironment"/>
    <property name="os.arch" value="x86"/>
    <property name="java.ext.dirs" value="c:\Program Files\Java\jdk1.6.0_10\jre\lib\ext;C:\WINDOWS\Sun\Java\lib\ext"/>
    <property name="user.dir" value="C:\projects\mesosys\meso-junit\meso-assert"/>
    <property name="line.separator" value="
"/>
    <property name="java.vm.name" value="Java HotSpot(TM) Client VM"/>
    <property name="env.CLASSWORLDS_JAR" value="&quot;c:\Program Files\apache-maven-2.0.9\bin\..\boot\classworlds-1.1.jar&quot;"/>
    <property name="env.PATHEXT" value=".COM;.EXE;.BAT;.CMD;.VBS;.VBE;.JS;.JSE;.WSF;.WSH;.pyo;.pyc;.py;.pyw"/>
    <property name="env.Path" value="C:\Program Files\PC Connectivity Solution\;C:\Program Files\ThinkPad\Utilities;C:\WINDOWS\system32;C:\WINDOWS;C:\WINDOWS\System32\Wbem;C:\Program Files\Intel\Wireless\Bin\;C:\Program Files\ATI Technologies\ATI Control Panel;C:\Program Files\PC-Doctor for Windows\;C:\WINDOWS\Downloaded Program Files;C:\IBMTOOLS\Python22;C:\Program Files\cvsnt;c:\program files\apache-maven-2.0.9\bin;C:\Program Files\MySQL\MySQL Server 5.0\bin;C:\Program Files\QuickTime\QTSystem\"/>
    <property name="basedir" value="C:\projects\mesosys\meso-junit\meso-assert"/>
    <property name="env.ERROR_CODE" value="0"/>
    <property name="env.USERNAME" value="Peter Cameron"/>
    <property name="env.SystemDrive" value="C:"/>
    <property name="file.encoding" value="Cp1252"/>
    <property name="env.PYTHONCASEOK" value="1"/>
    <property name="env.USERDOMAIN" value="MESOSYS-T43P"/>
    <property name="java.specification.version" value="1.6"/>
    <property name="env.PROCESSOR_LEVEL" value="6"/>
  </properties>
  <testcase time="0.016" classname="org.mesosys.junit.mesoassert.CollectionAssertTest" name="happyAssertEmpty"/>
  <testcase time="0" classname="org.mesosys.junit.mesoassert.CollectionAssertTest" name="failAssertEmpty"/>
  <testcase time="0" classname="org.mesosys.junit.mesoassert.CollectionAssertTest" name="happyAssertNullOrEmpty"/>
  <testcase time="0" classname="org.mesosys.junit.mesoassert.CollectionAssertTest" name="failAssertNullOrEmpty"/>
  <testcase time="0" classname="org.mesosys.junit.mesoassert.CollectionAssertTest" name="happyAssertNotEmpty"/>
  <testcase time="0.016" classname="org.mesosys.junit.mesoassert.CollectionAssertTest" name="failAssertNotEmpty1"/>
  <testcase time="0" classname="org.mesosys.junit.mesoassert.CollectionAssertTest" name="failAssertNotEmpty2"/>
  <testcase time="0" classname="org.mesosys.junit.mesoassert.CollectionAssertTest" name="happyAssertSize"/>
  <testcase time="0" classname="org.mesosys.junit.mesoassert.CollectionAssertTest" name="failAssertSize1"/>
  <testcase time="0" classname="org.mesosys.junit.mesoassert.CollectionAssertTest" name="failAssertSize2"/>
  <testcase time="0.015" classname="org.mesosys.junit.mesoassert.CollectionAssertTest" name="failAssertSize3"/>
</testsuite>